0 info it worked if it ends with ok
1 verbose cli [ '/home/hellbeast92/.nvm/versions/node/v6.3.1/bin/node',
1 verbose cli   '/home/hellbeast92/.nvm/versions/node/v6.3.1/bin/npm',
1 verbose cli   'run',
1 verbose cli   'server' ]
2 info using npm@3.10.3
3 info using node@v6.3.1
4 verbose stack Error: missing script: server
4 verbose stack     at run (/home/hellbeast92/.nvm/versions/node/v6.3.1/lib/node_modules/npm/lib/run-script.js:151:19)
4 verbose stack     at /home/hellbeast92/.nvm/versions/node/v6.3.1/lib/node_modules/npm/lib/run-script.js:61:5
4 verbose stack     at /home/hellbeast92/.nvm/versions/node/v6.3.1/lib/node_modules/npm/node_modules/read-package-json/read-json.js:356:5
4 verbose stack     at checkBinReferences_ (/home/hellbeast92/.nvm/versions/node/v6.3.1/lib/node_modules/npm/node_modules/read-package-json/read-json.js:320:45)
4 verbose stack     at final (/home/hellbeast92/.nvm/versions/node/v6.3.1/lib/node_modules/npm/node_modules/read-package-json/read-json.js:354:3)
4 verbose stack     at then (/home/hellbeast92/.nvm/versions/node/v6.3.1/lib/node_modules/npm/node_modules/read-package-json/read-json.js:124:5)
4 verbose stack     at /home/hellbeast92/.nvm/versions/node/v6.3.1/lib/node_modules/npm/node_modules/read-package-json/read-json.js:243:12
4 verbose stack     at /home/hellbeast92/.nvm/versions/node/v6.3.1/lib/node_modules/npm/node_modules/graceful-fs/graceful-fs.js:78:16
4 verbose stack     at tryToString (fs.js:455:3)
4 verbose stack     at FSReqWrap.readFileAfterClose [as oncomplete] (fs.js:442:12)
5 verbose cwd /home/hellbeast92/web/piano
6 error Linux 3.13.0-57-generic
7 error argv "/home/hellbeast92/.nvm/versions/node/v6.3.1/bin/node" "/home/hellbeast92/.nvm/versions/node/v6.3.1/bin/npm" "run" "server"
8 error node v6.3.1
9 error npm  v3.10.3
10 error missing script: server
11 error If you need help, you may report this error at:
11 error     <https://github.com/npm/npm/issues>
12 verbose exit [ 1, true ]
